# JRE version: OpenJDK Runtime Environment Temurin-21.0.9+10 (21.0.9+10) (build 21.0.9+10-LTS)
# Java VM: OpenJDK 64-Bit Server VM Temurin-21.0.9+10 (21.0.9+10-LTS, mixed mode, sharing, tiered, compressed oops, compressed class ptrs, parallel gc, windows-amd64)
GC Precious Log:
 CardTable entry size: 512
 CPUs: 12 total, 12 available
 Memory: 7561M
 Large Page Support: Disabled
 NUMA Support: Disabled
 Compressed Oops: Enabled (32-bit)
 Alignments: Space 512K, Generation 512K, Heap 2M
 Heap Min Capacity: 100M
 Heap Initial Capacity: 100M
 Heap Max Capacity: 2G
 Pre-touch: Disabled
 Parallel Workers: 10
Heap:
 PSYoungGen      total 12800K, used 12026K [0x00000000d5580000, 0x00000000d6b80000, 0x0000000100000000)
  eden space 6656K, 94% used [0x00000000d5580000,0x00000000d5ba6b98,0x00000000d5c00000)
  from space 6144K, 93% used [0x00000000d6580000,0x00000000d6b18000,0x00000000d6b80000)
  to   space 6656K, 77% used [0x00000000d5e80000,0x00000000d638e978,0x00000000d6500000)
 ParOldGen       total 524800K, used 524512K [0x0000000080000000, 0x00000000a0080000, 0x00000000d5580000)
  object space 524800K, 99% used [0x0000000080000000,0x00000000a0038278,0x00000000a0080000)
 Metaspace       used 86728K, committed 88384K, reserved 1179648K
  class space    used 9479K, committed 10240K, reserved 1048576K
GC Heap History (20 events):
Event: 3093.298 GC heap after
{Heap after GC invocations=1636 (full 7):
 PSYoungGen      total 7680K, used 256K [0x00000000d5580000, 0x00000000d6180000, 0x0000000100000000)
  eden space 7168K, 0% used [0x00000000d5580000,0x00000000d5580000,0x00000000d5c80000)
  from space 512K, 50% used [0x00000000d5c80000,0x00000000d5cc0000,0x00000000d5d00000)
  to   space 1536K, 0% used [0x00000000d6000000,0x00000000d6000000,0x00000000d6180000)
 ParOldGen       total 507904K, used 507562K [0x0000000080000000, 0x000000009f000000, 0x00000000d5580000)
  object space 507904K, 99% used [0x0000000080000000,0x000000009efaab38,0x000000009f000000)
 Metaspace       used 86701K, committed 88384K, reserved 1179648K
  class space    used 9479K, committed 10240K, reserved 1048576K
}
Event: 3093.323 GC heap before
{Heap before GC invocations=1637 (full 7):
 PSYoungGen      total 7680K, used 6795K [0x00000000d5580000, 0x00000000d6180000, 0x0000000100000000)
  eden space 7168K, 91% used [0x00000000d5580000,0x00000000d5be2e70,0x00000000d5c80000)
  from space 512K, 50% used [0x00000000d5c80000,0x00000000d5cc0000,0x00000000d5d00000)
  to   space 1536K, 0% used [0x00000000d6000000,0x00000000d6000000,0x00000000d6180000)
 ParOldGen       total 507904K, used 507562K [0x0000000080000000, 0x000000009f000000, 0x00000000d5580000)
  object space 507904K, 99% used [0x0000000080000000,0x000000009efaab38,0x000000009f000000)
 Metaspace       used 86701K, committed 88384K, reserved 1179648K
  class space    used 9479K, committed 10240K, reserved 1048576K
}
Event: 3093.326 GC heap after
{Heap after GC invocations=1637 (full 7):
 PSYoungGen      total 7680K, used 484K [0x00000000d5580000, 0x00000000d6080000, 0x0000000100000000)
  eden space 7168K, 0% used [0x00000000d5580000,0x00000000d5580000,0x00000000d5c80000)
  from space 512K, 94% used [0x00000000d6000000,0x00000000d60790b0,0x00000000d6080000)
  to   space 1024K, 0% used [0x00000000d5e80000,0x00000000d5e80000,0x00000000d5f80000)
 ParOldGen       total 507904K, used 507706K [0x0000000080000000, 0x000000009f000000, 0x00000000d5580000)
  object space 507904K, 99% used [0x0000000080000000,0x000000009efce8d0,0x000000009f000000)
 Metaspace       used 86701K, committed 88384K, reserved 1179648K
  class space    used 9479K, committed 10240K, reserved 1048576K
}
Event: 3093.352 GC heap before
{Heap before GC invocations=1638 (full 7):
 PSYoungGen      total 7680K, used 6939K [0x00000000d5580000, 0x00000000d6080000, 0x0000000100000000)
  eden space 7168K, 90% used [0x00000000d5580000,0x00000000d5bcde08,0x00000000d5c80000)
  from space 512K, 94% used [0x00000000d6000000,0x00000000d60790b0,0x00000000d6080000)
  to   space 1024K, 0% used [0x00000000d5e80000,0x00000000d5e80000,0x00000000d5f80000)
 ParOldGen       total 507904K, used 507706K [0x0000000080000000, 0x000000009f000000, 0x00000000d5580000)
  object space 507904K, 99% used [0x0000000080000000,0x000000009efce8d0,0x000000009f000000)
 Metaspace       used 86701K, committed 88384K, reserved 1179648K
  class space    used 9479K, committed 10240K, reserved 1048576K
}
Event: 3093.354 GC heap after
{Heap after GC invocations=1638 (full 7):
 PSYoungGen      total 8192K, used 478K [0x00000000d5580000, 0x00000000d6080000, 0x0000000100000000)
  eden space 7168K, 0% used [0x00000000d5580000,0x00000000d5580000,0x00000000d5c80000)
  from space 1024K, 46% used [0x00000000d5e80000,0x00000000d5ef7870,0x00000000d5f80000)
  to   space 512K, 0% used [0x00000000d6000000,0x00000000d6000000,0x00000000d6080000)
 ParOldGen       total 508416K, used 507998K [0x0000000080000000, 0x000000009f080000, 0x00000000d5580000)
  object space 508416K, 99% used [0x0000000080000000,0x000000009f017990,0x000000009f080000)
 Metaspace       used 86701K, committed 88384K, reserved 1179648K
  class space    used 9479K, committed 10240K, reserved 1048576K
}
Event: 3093.370 GC heap before
{Heap before GC invocations=1639 (full 7):
 PSYoungGen      total 8192K, used 7646K [0x00000000d5580000, 0x00000000d6080000, 0x0000000100000000)
  eden space 7168K, 100% used [0x00000000d5580000,0x00000000d5c80000,0x00000000d5c80000)
  from space 1024K, 46% used [0x00000000d5e80000,0x00000000d5ef7870,0x00000000d5f80000)
  to   space 512K, 0% used [0x00000000d6000000,0x00000000d6000000,0x00000000d6080000)
 ParOldGen       total 508416K, used 507998K [0x0000000080000000, 0x000000009f080000, 0x00000000d5580000)
  object space 508416K, 99% used [0x0000000080000000,0x000000009f017990,0x000000009f080000)
 Metaspace       used 86702K, committed 88384K, reserved 1179648K
  class space    used 9479K, committed 10240K, reserved 1048576K
}
Event: 3093.372 GC heap after
{Heap after GC invocations=1639 (full 7):
 PSYoungGen      total 7680K, used 410K [0x00000000d5580000, 0x00000000d6080000, 0x0000000100000000)
  eden space 7168K, 0% used [0x00000000d5580000,0x00000000d5580000,0x00000000d5c80000)
  from space 512K, 80% used [0x00000000d6000000,0x00000000d6066900,0x00000000d6080000)
  to   space 512K, 0% used [0x00000000d5f80000,0x00000000d5f80000,0x00000000d6000000)
 ParOldGen       total 508416K, used 508276K [0x0000000080000000, 0x000000009f080000, 0x00000000d5580000)
  object space 508416K, 99% used [0x0000000080000000,0x000000009f05d210,0x000000009f080000)
 Metaspace       used 86702K, committed 88384K, reserved 1179648K
  class space    used 9479K, committed 10240K, reserved 1048576K
}
Event: 3093.391 GC heap before
{Heap before GC invocations=1640 (full 7):
 PSYoungGen      total 7680K, used 7578K [0x00000000d5580000, 0x00000000d6080000, 0x0000000100000000)
  eden space 7168K, 100% used [0x00000000d5580000,0x00000000d5c80000,0x00000000d5c80000)
  from space 512K, 80% used [0x00000000d6000000,0x00000000d6066900,0x00000000d6080000)
  to   space 512K, 0% used [0x00000000d5f80000,0x00000000d5f80000,0x00000000d6000000)
 ParOldGen       total 508416K, used 508276K [0x0000000080000000, 0x000000009f080000, 0x00000000d5580000)
  object space 508416K, 99% used [0x0000000080000000,0x000000009f05d210,0x000000009f080000)
 Metaspace       used 86702K, committed 88384K, reserved 1179648K
  class space    used 9479K, committed 10240K, reserved 1048576K
}
Event: 3093.394 GC heap after
{Heap after GC invocations=1640 (full 7):
 PSYoungGen      total 7680K, used 496K [0x00000000d5580000, 0x00000000d6080000, 0x0000000100000000)
  eden space 7168K, 0% used [0x00000000d5580000,0x00000000d5580000,0x00000000d5c80000)
  from space 512K, 97% used [0x00000000d5f80000,0x00000000d5ffc360,0x00000000d6000000)
  to   space 512K, 0% used [0x00000000d6000000,0x00000000d6000000,0x00000000d6080000)
 ParOldGen       total 508928K, used 508474K [0x0000000080000000, 0x000000009f100000, 0x00000000d5580000)
  object space 508928K, 99% used [0x0000000080000000,0x000000009f08eb88,0x000000009f100000)
 Metaspace       used 86702K, committed 88384K, reserved 1179648K
  class space    used 9479K, committed 10240K, reserved 1048576K
}
Event: 3093.496 GC heap before
{Heap before GC invocations=1641 (full 7):
 PSYoungGen      total 7680K, used 7664K [0x00000000d5580000, 0x00000000d6080000, 0x0000000100000000)
  eden space 7168K, 100% used [0x00000000d5580000,0x00000000d5c80000,0x00000000d5c80000)
  from space 512K, 97% used [0x00000000d5f80000,0x00000000d5ffc360,0x00000000d6000000)
  to   space 512K, 0% used [0x00000000d6000000,0x00000000d6000000,0x00000000d6080000)
 ParOldGen       total 508928K, used 508474K [0x0000000080000000, 0x000000009f100000, 0x00000000d5580000)
  object space 508928K, 99% used [0x0000000080000000,0x000000009f08eb88,0x000000009f100000)
 Metaspace       used 86715K, committed 88384K, reserved 1179648K
  class space    used 9479K, committed 10240K, reserved 1048576K
}
Event: 3093.499 GC heap after
{Heap after GC invocations=1641 (full 7):
 PSYoungGen      total 7680K, used 500K [0x00000000d5580000, 0x00000000d6080000, 0x0000000100000000)
  eden space 7168K, 0% used [0x00000000d5580000,0x00000000d5580000,0x00000000d5c80000)
  from space 512K, 97% used [0x00000000d6000000,0x00000000d607d200,0x00000000d6080000)
  to   space 1536K, 0% used [0x00000000d5d80000,0x00000000d5d80000,0x00000000d5f00000)
 ParOldGen       total 509440K, used 509164K [0x0000000080000000, 0x000000009f180000, 0x00000000d5580000)
  object space 509440K, 99% used [0x0000000080000000,0x000000009f13b178,0x000000009f180000)
 Metaspace       used 86715K, committed 88384K, reserved 1179648K
  class space    used 9479K, committed 10240K, reserved 1048576K
}
Event: 3094.139 GC heap before
{Heap before GC invocations=1642 (full 7):
 PSYoungGen      total 7680K, used 7668K [0x00000000d5580000, 0x00000000d6080000, 0x0000000100000000)
  eden space 7168K, 99% used [0x00000000d5580000,0x00000000d5c7fff0,0x00000000d5c80000)
  from space 512K, 97% used [0x00000000d6000000,0x00000000d607d200,0x00000000d6080000)
  to   space 1536K, 0% used [0x00000000d5d80000,0x00000000d5d80000,0x00000000d5f00000)
 ParOldGen       total 509440K, used 509164K [0x0000000080000000, 0x000000009f180000, 0x00000000d5580000)
  object space 509440K, 99% used [0x0000000080000000,0x000000009f13b178,0x000000009f180000)
 Metaspace       used 86715K, committed 88384K, reserved 1179648K
  class space    used 9479K, committed 10240K, reserved 1048576K
}
Event: 3094.143 GC heap after
{Heap after GC invocations=1642 (full 7):
 PSYoungGen      total 8704K, used 1001K [0x00000000d5580000, 0x00000000d6080000, 0x0000000100000000)
  eden space 7168K, 0% used [0x00000000d5580000,0x00000000d5580000,0x00000000d5c80000)
  from space 1536K, 65% used [0x00000000d5d80000,0x00000000d5e7a420,0x00000000d5f00000)
  to   space 1536K, 0% used [0x00000000d5f00000,0x00000000d5f00000,0x00000000d6080000)
 ParOldGen       total 509952K, used 509690K [0x0000000080000000, 0x000000009f200000, 0x00000000d5580000)
  object space 509952K, 99% used [0x0000000080000000,0x000000009f1beaa8,0x000000009f200000)
 Metaspace       used 86715K, committed 88384K, reserved 1179648K
  class space    used 9479K, committed 10240K, reserved 1048576K
}
Event: 3094.754 GC heap before
{Heap before GC invocations=1643 (full 7):
 PSYoungGen      total 8704K, used 8169K [0x00000000d5580000, 0x00000000d6080000, 0x0000000100000000)
  eden space 7168K, 100% used [0x00000000d5580000,0x00000000d5c80000,0x00000000d5c80000)
  from space 1536K, 65% used [0x00000000d5d80000,0x00000000d5e7a420,0x00000000d5f00000)
  to   space 1536K, 0% used [0x00000000d5f00000,0x00000000d5f00000,0x00000000d6080000)
 ParOldGen       total 509952K, used 509690K [0x0000000080000000, 0x000000009f200000, 0x00000000d5580000)
  object space 509952K, 99% used [0x0000000080000000,0x000000009f1beaa8,0x000000009f200000)
 Metaspace       used 86728K, committed 88384K, reserved 1179648K
  class space    used 9479K, committed 10240K, reserved 1048576K
}
Event: 3094.759 GC heap after
{Heap after GC invocations=1643 (full 7):
 PSYoungGen      total 8192K, used 1505K [0x00000000d5580000, 0x00000000d6280000, 0x0000000100000000)
  eden space 6656K, 0% used [0x00000000d5580000,0x00000000d5580000,0x00000000d5c00000)
  from space 1536K, 98% used [0x00000000d5f00000,0x00000000d60785b0,0x00000000d6080000)
  to   space 3072K, 0% used [0x00000000d5c00000,0x00000000d5c00000,0x00000000d5f00000)
 ParOldGen       total 510976K, used 510591K [0x0000000080000000, 0x000000009f300000, 0x00000000d5580000)
  object space 510976K, 99% used [0x0000000080000000,0x000000009f29fcb8,0x000000009f300000)
 Metaspace       used 86728K, committed 88384K, reserved 1179648K
  class space    used 9479K, committed 10240K, reserved 1048576K
}
Event: 3094.782 GC heap before
{Heap before GC invocations=1644 (full 7):
 PSYoungGen      total 8192K, used 8161K [0x00000000d5580000, 0x00000000d6280000, 0x0000000100000000)
  eden space 6656K, 100% used [0x00000000d5580000,0x00000000d5c00000,0x00000000d5c00000)
  from space 1536K, 98% used [0x00000000d5f00000,0x00000000d60785b0,0x00000000d6080000)
  to   space 3072K, 0% used [0x00000000d5c00000,0x00000000d5c00000,0x00000000d5f00000)
 ParOldGen       total 510976K, used 510591K [0x0000000080000000, 0x000000009f300000, 0x00000000d5580000)
  object space 510976K, 99% used [0x0000000080000000,0x000000009f29fcb8,0x000000009f300000)
 Metaspace       used 86728K, committed 88384K, reserved 1179648K
  class space    used 9479K, committed 10240K, reserved 1048576K
}
Event: 3094.793 GC heap after
{Heap after GC invocations=1644 (full 7):
 PSYoungGen      total 9728K, used 3072K [0x00000000d5580000, 0x00000000d6f00000, 0x0000000100000000)
  eden space 6656K, 0% used [0x00000000d5580000,0x00000000d5580000,0x00000000d5c00000)
  from space 3072K, 100% used [0x00000000d5c00000,0x00000000d5f00000,0x00000000d5f00000)
  to   space 9728K, 0% used [0x00000000d6580000,0x00000000d6580000,0x00000000d6f00000)
 ParOldGen       total 516096K, used 515704K [0x0000000080000000, 0x000000009f800000, 0x00000000d5580000)
  object space 516096K, 99% used [0x0000000080000000,0x000000009f79e278,0x000000009f800000)
 Metaspace       used 86728K, committed 88384K, reserved 1179648K
  class space    used 9479K, committed 10240K, reserved 1048576K
}
Event: 3094.818 GC heap before
{Heap before GC invocations=1645 (full 7):
 PSYoungGen      total 9728K, used 9728K [0x00000000d5580000, 0x00000000d6f00000, 0x0000000100000000)
  eden space 6656K, 100% used [0x00000000d5580000,0x00000000d5c00000,0x00000000d5c00000)
  from space 3072K, 100% used [0x00000000d5c00000,0x00000000d5f00000,0x00000000d5f00000)
  to   space 9728K, 0% used [0x00000000d6580000,0x00000000d6580000,0x00000000d6f00000)
 ParOldGen       total 516096K, used 515704K [0x0000000080000000, 0x000000009f800000, 0x00000000d5580000)
  object space 516096K, 99% used [0x0000000080000000,0x000000009f79e278,0x000000009f800000)
 Metaspace       used 86728K, committed 88384K, reserved 1179648K
  class space    used 9479K, committed 10240K, reserved 1048576K
}
Event: 3094.829 GC heap after
{Heap after GC invocations=1645 (full 7):
 PSYoungGen      total 12800K, used 5728K [0x00000000d5580000, 0x00000000d6b80000, 0x0000000100000000)
  eden space 6656K, 0% used [0x00000000d5580000,0x00000000d5580000,0x00000000d5c00000)
  from space 6144K, 93% used [0x00000000d6580000,0x00000000d6b18000,0x00000000d6b80000)
  to   space 6656K, 0% used [0x00000000d5e80000,0x00000000d5e80000,0x00000000d6500000)
 ParOldGen       total 519168K, used 518832K [0x0000000080000000, 0x000000009fb00000, 0x00000000d5580000)
  object space 519168K, 99% used [0x0000000080000000,0x000000009faac278,0x000000009fb00000)
 Metaspace       used 86728K, committed 88384K, reserved 1179648K
  class space    used 9479K, committed 10240K, reserved 1048576K
}
Event: 3094.868 GC heap before
{Heap before GC invocations=1646 (full 7):
 PSYoungGen      total 12800K, used 12026K [0x00000000d5580000, 0x00000000d6b80000, 0x0000000100000000)
  eden space 6656K, 94% used [0x00000000d5580000,0x00000000d5ba6b98,0x00000000d5c00000)
  from space 6144K, 93% used [0x00000000d6580000,0x00000000d6b18000,0x00000000d6b80000)
  to   space 6656K, 0% used [0x00000000d5e80000,0x00000000d5e80000,0x00000000d6500000)
 ParOldGen       total 519168K, used 518832K [0x0000000080000000, 0x000000009fb00000, 0x00000000d5580000)
  object space 519168K, 99% used [0x0000000080000000,0x000000009faac278,0x000000009fb00000)
 Metaspace       used 86728K, committed 88384K, reserved 1179648K
  class space    used 9479K, committed 10240K, reserved 1048576K
}

