# JRE version: Java(TM) SE Runtime Environment (21.0.8+12) (build 21.0.8+12-LTS-250)
# Java VM: Java HotSpot(TM) 64-Bit Server VM (21.0.8+12-LTS-250, mixed mode, sharing, tiered, compressed oops, compressed class ptrs, g1 gc, windows-amd64)
GC Precious Log:
 CardTable entry size: 512
 Card Set container configuration: InlinePtr #cards 5 size 8 Array Of Cards #cards 12 size 40 Howl #buckets 4 coarsen threshold 1843 Howl Bitmap #cards 512 size 80 coarsen threshold 460 Card regions per heap region 1 cards per card region 2048
 CPUs: 12 total, 12 available
 Memory: 7561M
 Large Page Support: Disabled
 NUMA Support: Disabled
 Compressed Oops: Enabled (32-bit)
 Heap Region Size: 1M
 Heap Min Capacity: 256M
 Heap Initial Capacity: 256M
 Heap Max Capacity: 512M
 Pre-touch: Disabled
 Parallel Workers: 10
 Concurrent Workers: 3
 Concurrent Refinement Workers: 10
 Periodic GC: Disabled
Heap:
 garbage-first heap   total 286720K, used 188536K [0x00000000e0000000, 0x0000000100000000)
  region size 1024K, 77 young (78848K), 4 survivors (4096K)
 Metaspace       used 81737K, committed 84032K, reserved 458752K
  class space    used 10473K, committed 11904K, reserved 327680K
GC Heap History (20 events):
Event: 5921.095 GC heap before
{Heap before GC invocations=48 (full 0):
 garbage-first heap   total 278528K, used 246397K [0x00000000e0000000, 0x0000000100000000)
  region size 1024K, 136 young (139264K), 9 survivors (9216K)
 Metaspace       used 81488K, committed 83712K, reserved 458752K
  class space    used 10540K, committed 11904K, reserved 327680K
}
Event: 5921.115 GC heap after
{Heap after GC invocations=49 (full 0):
 garbage-first heap   total 281600K, used 114337K [0x00000000e0000000, 0x0000000100000000)
  region size 1024K, 17 young (17408K), 17 survivors (17408K)
 Metaspace       used 81488K, committed 83712K, reserved 458752K
  class space    used 10540K, committed 11904K, reserved 327680K
}
Event: 5921.650 GC heap before
{Heap before GC invocations=49 (full 0):
 garbage-first heap   total 281600K, used 201377K [0x00000000e0000000, 0x0000000100000000)
  region size 1024K, 103 young (105472K), 17 survivors (17408K)
 Metaspace       used 81688K, committed 83904K, reserved 458752K
  class space    used 10552K, committed 11904K, reserved 327680K
}
Event: 5921.660 GC heap after
{Heap after GC invocations=50 (full 0):
 garbage-first heap   total 281600K, used 114421K [0x00000000e0000000, 0x0000000100000000)
  region size 1024K, 4 young (4096K), 4 survivors (4096K)
 Metaspace       used 81688K, committed 83904K, reserved 458752K
  class space    used 10552K, committed 11904K, reserved 327680K
}
Event: 6106.500 GC heap before
{Heap before GC invocations=51 (full 0):
 garbage-first heap   total 281600K, used 251637K [0x00000000e0000000, 0x0000000100000000)
  region size 1024K, 133 young (136192K), 4 survivors (4096K)
 Metaspace       used 81757K, committed 83968K, reserved 458752K
  class space    used 10553K, committed 11904K, reserved 327680K
}
Event: 6106.507 GC heap after
{Heap after GC invocations=52 (full 0):
 garbage-first heap   total 281600K, used 119273K [0x00000000e0000000, 0x0000000100000000)
  region size 1024K, 8 young (8192K), 8 survivors (8192K)
 Metaspace       used 81757K, committed 83968K, reserved 458752K
  class space    used 10553K, committed 11904K, reserved 327680K
}
Event: 6988.747 GC heap before
{Heap before GC invocations=52 (full 0):
 garbage-first heap   total 281600K, used 258537K [0x00000000e0000000, 0x0000000100000000)
  region size 1024K, 137 young (140288K), 8 survivors (8192K)
 Metaspace       used 83241K, committed 85248K, reserved 458752K
  class space    used 10733K, committed 11904K, reserved 327680K
}
Event: 6988.786 GC heap after
{Heap after GC invocations=53 (full 0):
 garbage-first heap   total 281600K, used 117472K [0x00000000e0000000, 0x0000000100000000)
  region size 1024K, 12 young (12288K), 12 survivors (12288K)
 Metaspace       used 83241K, committed 85248K, reserved 458752K
  class space    used 10733K, committed 11904K, reserved 327680K
}
Event: 6997.601 GC heap before
{Heap before GC invocations=53 (full 0):
 garbage-first heap   total 281600K, used 241376K [0x00000000e0000000, 0x0000000100000000)
  region size 1024K, 135 young (138240K), 12 survivors (12288K)
 Metaspace       used 83331K, committed 85376K, reserved 458752K
  class space    used 10739K, committed 11904K, reserved 327680K
}
Event: 6997.609 GC heap after
{Heap after GC invocations=54 (full 0):
 garbage-first heap   total 281600K, used 117487K [0x00000000e0000000, 0x0000000100000000)
  region size 1024K, 10 young (10240K), 10 survivors (10240K)
 Metaspace       used 83331K, committed 85376K, reserved 458752K
  class space    used 10739K, committed 11904K, reserved 327680K
}
Event: 6998.598 GC heap before
{Heap before GC invocations=55 (full 0):
 garbage-first heap   total 281600K, used 251631K [0x00000000e0000000, 0x0000000100000000)
  region size 1024K, 143 young (146432K), 10 survivors (10240K)
 Metaspace       used 82910K, committed 84928K, reserved 458752K
  class space    used 10657K, committed 11904K, reserved 327680K
}
Event: 6998.615 GC heap after
{Heap after GC invocations=56 (full 0):
 garbage-first heap   total 281600K, used 130701K [0x00000000e0000000, 0x0000000100000000)
  region size 1024K, 18 young (18432K), 18 survivors (18432K)
 Metaspace       used 82910K, committed 84928K, reserved 458752K
  class space    used 10657K, committed 11904K, reserved 327680K
}
Event: 7284.590 GC heap before
{Heap before GC invocations=56 (full 0):
 garbage-first heap   total 281600K, used 252557K [0x00000000e0000000, 0x0000000100000000)
  region size 1024K, 132 young (135168K), 18 survivors (18432K)
 Metaspace       used 83212K, committed 85248K, reserved 458752K
  class space    used 10678K, committed 11904K, reserved 327680K
}
Event: 7284.606 GC heap after
{Heap after GC invocations=57 (full 0):
 garbage-first heap   total 286720K, used 118646K [0x00000000e0000000, 0x0000000100000000)
  region size 1024K, 7 young (7168K), 7 survivors (7168K)
 Metaspace       used 83212K, committed 85248K, reserved 458752K
  class space    used 10678K, committed 11904K, reserved 327680K
}
Event: 7285.173 GC heap before
{Heap before GC invocations=57 (full 0):
 garbage-first heap   total 286720K, used 201590K [0x00000000e0000000, 0x0000000100000000)
  region size 1024K, 90 young (92160K), 7 survivors (7168K)
 Metaspace       used 83230K, committed 85248K, reserved 458752K
  class space    used 10679K, committed 11904K, reserved 327680K
}
Event: 7285.180 GC heap after
{Heap after GC invocations=58 (full 0):
 garbage-first heap   total 286720K, used 122477K [0x00000000e0000000, 0x0000000100000000)
  region size 1024K, 11 young (11264K), 11 survivors (11264K)
 Metaspace       used 83230K, committed 85248K, reserved 458752K
  class space    used 10679K, committed 11904K, reserved 327680K
}
Event: 7286.118 GC heap before
{Heap before GC invocations=59 (full 0):
 garbage-first heap   total 286720K, used 253549K [0x00000000e0000000, 0x0000000100000000)
  region size 1024K, 138 young (141312K), 11 survivors (11264K)
 Metaspace       used 81493K, committed 84032K, reserved 458752K
  class space    used 10458K, committed 11904K, reserved 327680K
}
Event: 7286.133 GC heap after
{Heap after GC invocations=60 (full 0):
 garbage-first heap   total 286720K, used 140255K [0x00000000e0000000, 0x0000000100000000)
  region size 1024K, 18 young (18432K), 18 survivors (18432K)
 Metaspace       used 81493K, committed 84032K, reserved 458752K
  class space    used 10458K, committed 11904K, reserved 327680K
}
Event: 7360.689 GC heap before
{Heap before GC invocations=60 (full 0):
 garbage-first heap   total 286720K, used 260063K [0x00000000e0000000, 0x0000000100000000)
  region size 1024K, 129 young (132096K), 18 survivors (18432K)
 Metaspace       used 81705K, committed 84032K, reserved 458752K
  class space    used 10473K, committed 11904K, reserved 327680K
}
Event: 7360.700 GC heap after
{Heap after GC invocations=61 (full 0):
 garbage-first heap   total 286720K, used 115832K [0x00000000e0000000, 0x0000000100000000)
  region size 1024K, 4 young (4096K), 4 survivors (4096K)
 Metaspace       used 81705K, committed 84032K, reserved 458752K
  class space    used 10473K, committed 11904K, reserved 327680K
}

