# JRE version: OpenJDK Runtime Environment Temurin-21.0.9+10 (21.0.9+10) (build 21.0.9+10-LTS)
# Java VM: OpenJDK 64-Bit Server VM Temurin-21.0.9+10 (21.0.9+10-LTS, mixed mode, sharing, tiered, compressed oops, compressed class ptrs, parallel gc, windows-amd64)
GC Precious Log:
 CardTable entry size: 512
 CPUs: 12 total, 12 available
 Memory: 7561M
 Large Page Support: Disabled
 NUMA Support: Disabled
 Compressed Oops: Enabled (32-bit)
 Alignments: Space 512K, Generation 512K, Heap 2M
 Heap Min Capacity: 100M
 Heap Initial Capacity: 100M
 Heap Max Capacity: 2G
 Pre-touch: Disabled
 Parallel Workers: 10
Heap:
 PSYoungGen      total 2048K, used 1557K [0x00000000d5580000, 0x00000000d5d00000, 0x0000000100000000)
  eden space 1024K, 89% used [0x00000000d5580000,0x00000000d56655a0,0x00000000d5680000)
  from space 1024K, 62% used [0x00000000d5c00000,0x00000000d5ca0000,0x00000000d5d00000)
  to   space 1536K, 59% used [0x00000000d5a00000,0x00000000d5ae6000,0x00000000d5b80000)
 ParOldGen       total 705536K, used 705403K [0x0000000080000000, 0x00000000ab100000, 0x00000000d5580000)
  object space 705536K, 99% used [0x0000000080000000,0x00000000ab0defa0,0x00000000ab100000)
 Metaspace       used 82092K, committed 83840K, reserved 1179648K
  class space    used 9151K, committed 9920K, reserved 1048576K
GC Heap History (20 events):
Event: 1246.114 GC heap after
{Heap after GC invocations=594 (full 3):
 PSYoungGen      total 9728K, used 660K [0x00000000d5580000, 0x00000000d6680000, 0x0000000100000000)
  eden space 8704K, 0% used [0x00000000d5580000,0x00000000d5580000,0x00000000d5e00000)
  from space 1024K, 64% used [0x00000000d6480000,0x00000000d6525200,0x00000000d6580000)
  to   space 1024K, 0% used [0x00000000d6580000,0x00000000d6580000,0x00000000d6680000)
 ParOldGen       total 676864K, used 676403K [0x0000000080000000, 0x00000000a9500000, 0x00000000d5580000)
  object space 676864K, 99% used [0x0000000080000000,0x00000000a948ccf0,0x00000000a9500000)
 Metaspace       used 82056K, committed 83776K, reserved 1179648K
  class space    used 9151K, committed 9920K, reserved 1048576K
}
Event: 1246.573 GC heap before
{Heap before GC invocations=595 (full 3):
 PSYoungGen      total 9728K, used 9364K [0x00000000d5580000, 0x00000000d6680000, 0x0000000100000000)
  eden space 8704K, 100% used [0x00000000d5580000,0x00000000d5e00000,0x00000000d5e00000)
  from space 1024K, 64% used [0x00000000d6480000,0x00000000d6525200,0x00000000d6580000)
  to   space 1024K, 0% used [0x00000000d6580000,0x00000000d6580000,0x00000000d6680000)
 ParOldGen       total 676864K, used 676403K [0x0000000080000000, 0x00000000a9500000, 0x00000000d5580000)
  object space 676864K, 99% used [0x0000000080000000,0x00000000a948ccf0,0x00000000a9500000)
 Metaspace       used 82057K, committed 83776K, reserved 1179648K
  class space    used 9151K, committed 9920K, reserved 1048576K
}
Event: 1246.578 GC heap after
{Heap after GC invocations=595 (full 3):
 PSYoungGen      total 9728K, used 836K [0x00000000d5580000, 0x00000000d6680000, 0x0000000100000000)
  eden space 8704K, 0% used [0x00000000d5580000,0x00000000d5580000,0x00000000d5e00000)
  from space 1024K, 81% used [0x00000000d6580000,0x00000000d6651210,0x00000000d6680000)
  to   space 1024K, 0% used [0x00000000d6480000,0x00000000d6480000,0x00000000d6580000)
 ParOldGen       total 677376K, used 676919K [0x0000000080000000, 0x00000000a9580000, 0x00000000d5580000)
  object space 677376K, 99% used [0x0000000080000000,0x00000000a950df00,0x00000000a9580000)
 Metaspace       used 82057K, committed 83776K, reserved 1179648K
  class space    used 9151K, committed 9920K, reserved 1048576K
}
Event: 1247.124 GC heap before
{Heap before GC invocations=596 (full 3):
 PSYoungGen      total 9728K, used 9540K [0x00000000d5580000, 0x00000000d6680000, 0x0000000100000000)
  eden space 8704K, 100% used [0x00000000d5580000,0x00000000d5e00000,0x00000000d5e00000)
  from space 1024K, 81% used [0x00000000d6580000,0x00000000d6651210,0x00000000d6680000)
  to   space 1024K, 0% used [0x00000000d6480000,0x00000000d6480000,0x00000000d6580000)
 ParOldGen       total 677376K, used 676919K [0x0000000080000000, 0x00000000a9580000, 0x00000000d5580000)
  object space 677376K, 99% used [0x0000000080000000,0x00000000a950df00,0x00000000a9580000)
 Metaspace       used 82072K, committed 83840K, reserved 1179648K
  class space    used 9151K, committed 9920K, reserved 1048576K
}
Event: 1247.131 GC heap after
{Heap after GC invocations=596 (full 3):
 PSYoungGen      total 9728K, used 992K [0x00000000d5580000, 0x00000000d6900000, 0x0000000100000000)
  eden space 8704K, 0% used [0x00000000d5580000,0x00000000d5580000,0x00000000d5e00000)
  from space 1024K, 96% used [0x00000000d6480000,0x00000000d65782e8,0x00000000d6580000)
  to   space 3584K, 0% used [0x00000000d6580000,0x00000000d6580000,0x00000000d6900000)
 ParOldGen       total 680960K, used 680624K [0x0000000080000000, 0x00000000a9900000, 0x00000000d5580000)
  object space 680960K, 99% used [0x0000000080000000,0x00000000a98ac208,0x00000000a9900000)
 Metaspace       used 82072K, committed 83840K, reserved 1179648K
  class space    used 9151K, committed 9920K, reserved 1048576K
}
Event: 1247.160 GC heap before
{Heap before GC invocations=597 (full 3):
 PSYoungGen      total 9728K, used 9696K [0x00000000d5580000, 0x00000000d6900000, 0x0000000100000000)
  eden space 8704K, 99% used [0x00000000d5580000,0x00000000d5dfff90,0x00000000d5e00000)
  from space 1024K, 96% used [0x00000000d6480000,0x00000000d65782e8,0x00000000d6580000)
  to   space 3584K, 0% used [0x00000000d6580000,0x00000000d6580000,0x00000000d6900000)
 ParOldGen       total 680960K, used 680624K [0x0000000080000000, 0x00000000a9900000, 0x00000000d5580000)
  object space 680960K, 99% used [0x0000000080000000,0x00000000a98ac208,0x00000000a9900000)
 Metaspace       used 82072K, committed 83840K, reserved 1179648K
  class space    used 9151K, committed 9920K, reserved 1048576K
}
Event: 1247.173 GC heap after
{Heap after GC invocations=597 (full 3):
 PSYoungGen      total 9216K, used 3584K [0x00000000d5580000, 0x00000000d7300000, 0x0000000100000000)
  eden space 5632K, 0% used [0x00000000d5580000,0x00000000d5580000,0x00000000d5b00000)
  from space 3584K, 100% used [0x00000000d6580000,0x00000000d6900000,0x00000000d6900000)
  to   space 10752K, 0% used [0x00000000d5b00000,0x00000000d5b00000,0x00000000d6580000)
 ParOldGen       total 686592K, used 686537K [0x0000000080000000, 0x00000000a9e80000, 0x00000000d5580000)
  object space 686592K, 99% used [0x0000000080000000,0x00000000a9e72500,0x00000000a9e80000)
 Metaspace       used 82072K, committed 83840K, reserved 1179648K
  class space    used 9151K, committed 9920K, reserved 1048576K
}
Event: 1247.206 GC heap before
{Heap before GC invocations=598 (full 3):
 PSYoungGen      total 9216K, used 9149K [0x00000000d5580000, 0x00000000d7300000, 0x0000000100000000)
  eden space 5632K, 98% used [0x00000000d5580000,0x00000000d5aef510,0x00000000d5b00000)
  from space 3584K, 100% used [0x00000000d6580000,0x00000000d6900000,0x00000000d6900000)
  to   space 10752K, 0% used [0x00000000d5b00000,0x00000000d5b00000,0x00000000d6580000)
 ParOldGen       total 686592K, used 686537K [0x0000000080000000, 0x00000000a9e80000, 0x00000000d5580000)
  object space 686592K, 99% used [0x0000000080000000,0x00000000a9e72500,0x00000000a9e80000)
 Metaspace       used 82074K, committed 83840K, reserved 1179648K
  class space    used 9151K, committed 9920K, reserved 1048576K
}
Event: 1247.217 GC heap after
{Heap after GC invocations=598 (full 3):
 PSYoungGen      total 9728K, used 3839K [0x00000000d5580000, 0x00000000d6700000, 0x0000000100000000)
  eden space 5632K, 0% used [0x00000000d5580000,0x00000000d5580000,0x00000000d5b00000)
  from space 4096K, 93% used [0x00000000d5b00000,0x00000000d5ebfd60,0x00000000d5f00000)
  to   space 6144K, 0% used [0x00000000d6100000,0x00000000d6100000,0x00000000d6700000)
 ParOldGen       total 690688K, used 690185K [0x0000000080000000, 0x00000000aa280000, 0x00000000d5580000)
  object space 690688K, 99% used [0x0000000080000000,0x00000000aa202500,0x00000000aa280000)
 Metaspace       used 82074K, committed 83840K, reserved 1179648K
  class space    used 9151K, committed 9920K, reserved 1048576K
}
Event: 1247.238 GC heap before
{Heap before GC invocations=599 (full 3):
 PSYoungGen      total 9728K, used 9471K [0x00000000d5580000, 0x00000000d6700000, 0x0000000100000000)
  eden space 5632K, 99% used [0x00000000d5580000,0x00000000d5affff0,0x00000000d5b00000)
  from space 4096K, 93% used [0x00000000d5b00000,0x00000000d5ebfd60,0x00000000d5f00000)
  to   space 6144K, 0% used [0x00000000d6100000,0x00000000d6100000,0x00000000d6700000)
 ParOldGen       total 690688K, used 690185K [0x0000000080000000, 0x00000000aa280000, 0x00000000d5580000)
  object space 690688K, 99% used [0x0000000080000000,0x00000000aa202500,0x00000000aa280000)
 Metaspace       used 82074K, committed 83840K, reserved 1179648K
  class space    used 9151K, committed 9920K, reserved 1048576K
}
Event: 1247.247 GC heap after
{Heap after GC invocations=599 (full 3):
 PSYoungGen      total 11776K, used 5527K [0x00000000d5580000, 0x00000000d6700000, 0x0000000100000000)
  eden space 5632K, 0% used [0x00000000d5580000,0x00000000d5580000,0x00000000d5b00000)
  from space 6144K, 89% used [0x00000000d6100000,0x00000000d6665f88,0x00000000d6700000)
  to   space 6144K, 0% used [0x00000000d5b00000,0x00000000d5b00000,0x00000000d6100000)
 ParOldGen       total 693760K, used 693435K [0x0000000080000000, 0x00000000aa580000, 0x00000000d5580000)
  object space 693760K, 99% used [0x0000000080000000,0x00000000aa52ece0,0x00000000aa580000)
 Metaspace       used 82074K, committed 83840K, reserved 1179648K
  class space    used 9151K, committed 9920K, reserved 1048576K
}
Event: 1247.341 GC heap before
{Heap before GC invocations=600 (full 3):
 PSYoungGen      total 11776K, used 11159K [0x00000000d5580000, 0x00000000d6700000, 0x0000000100000000)
  eden space 5632K, 100% used [0x00000000d5580000,0x00000000d5b00000,0x00000000d5b00000)
  from space 6144K, 89% used [0x00000000d6100000,0x00000000d6665f88,0x00000000d6700000)
  to   space 6144K, 0% used [0x00000000d5b00000,0x00000000d5b00000,0x00000000d6100000)
 ParOldGen       total 693760K, used 693435K [0x0000000080000000, 0x00000000aa580000, 0x00000000d5580000)
  object space 693760K, 99% used [0x0000000080000000,0x00000000aa52ece0,0x00000000aa580000)
 Metaspace       used 82089K, committed 83840K, reserved 1179648K
  class space    used 9151K, committed 9920K, reserved 1048576K
}
Event: 1247.350 GC heap after
{Heap after GC invocations=600 (full 3):
 PSYoungGen      total 10752K, used 4824K [0x00000000d5580000, 0x00000000d6500000, 0x0000000100000000)
  eden space 5632K, 0% used [0x00000000d5580000,0x00000000d5580000,0x00000000d5b00000)
  from space 5120K, 94% used [0x00000000d5b00000,0x00000000d5fb62c0,0x00000000d6000000)
  to   space 5120K, 0% used [0x00000000d6000000,0x00000000d6000000,0x00000000d6500000)
 ParOldGen       total 694272K, used 694115K [0x0000000080000000, 0x00000000aa600000, 0x00000000d5580000)
  object space 694272K, 99% used [0x0000000080000000,0x00000000aa5d8ce0,0x00000000aa600000)
 Metaspace       used 82089K, committed 83840K, reserved 1179648K
  class space    used 9151K, committed 9920K, reserved 1048576K
}
Event: 1247.370 GC heap before
{Heap before GC invocations=601 (full 3):
 PSYoungGen      total 10752K, used 10456K [0x00000000d5580000, 0x00000000d6500000, 0x0000000100000000)
  eden space 5632K, 100% used [0x00000000d5580000,0x00000000d5b00000,0x00000000d5b00000)
  from space 5120K, 94% used [0x00000000d5b00000,0x00000000d5fb62c0,0x00000000d6000000)
  to   space 5120K, 0% used [0x00000000d6000000,0x00000000d6000000,0x00000000d6500000)
 ParOldGen       total 694272K, used 694115K [0x0000000080000000, 0x00000000aa600000, 0x00000000d5580000)
  object space 694272K, 99% used [0x0000000080000000,0x00000000aa5d8ce0,0x00000000aa600000)
 Metaspace       used 82092K, committed 83840K, reserved 1179648K
  class space    used 9151K, committed 9920K, reserved 1048576K
}
Event: 1247.381 GC heap after
{Heap after GC invocations=601 (full 3):
 PSYoungGen      total 5632K, used 5120K [0x00000000d5580000, 0x00000000d7280000, 0x0000000100000000)
  eden space 512K, 0% used [0x00000000d5580000,0x00000000d5580000,0x00000000d5600000)
  from space 5120K, 100% used [0x00000000d6000000,0x00000000d6500000,0x00000000d6500000)
  to   space 10240K, 0% used [0x00000000d5600000,0x00000000d5600000,0x00000000d6000000)
 ParOldGen       total 699392K, used 699195K [0x0000000080000000, 0x00000000aab00000, 0x00000000d5580000)
  object space 699392K, 99% used [0x0000000080000000,0x00000000aaacefa0,0x00000000aab00000)
 Metaspace       used 82092K, committed 83840K, reserved 1179648K
  class space    used 9151K, committed 9920K, reserved 1048576K
}
Event: 1247.383 GC heap before
{Heap before GC invocations=602 (full 3):
 PSYoungGen      total 5632K, used 5632K [0x00000000d5580000, 0x00000000d7280000, 0x0000000100000000)
  eden space 512K, 100% used [0x00000000d5580000,0x00000000d5600000,0x00000000d5600000)
  from space 5120K, 100% used [0x00000000d6000000,0x00000000d6500000,0x00000000d6500000)
  to   space 10240K, 0% used [0x00000000d5600000,0x00000000d5600000,0x00000000d6000000)
 ParOldGen       total 699392K, used 699195K [0x0000000080000000, 0x00000000aab00000, 0x00000000d5580000)
  object space 699392K, 99% used [0x0000000080000000,0x00000000aaacefa0,0x00000000aab00000)
 Metaspace       used 82092K, committed 83840K, reserved 1179648K
  class space    used 9151K, committed 9920K, reserved 1048576K
}
Event: 1247.391 GC heap after
{Heap after GC invocations=602 (full 3):
 PSYoungGen      total 1536K, used 608K [0x00000000d5580000, 0x00000000d6080000, 0x0000000100000000)
  eden space 512K, 0% used [0x00000000d5580000,0x00000000d5580000,0x00000000d5600000)
  from space 1024K, 59% used [0x00000000d5600000,0x00000000d5698000,0x00000000d5700000)
  to   space 4608K, 0% used [0x00000000d5c00000,0x00000000d5c00000,0x00000000d6080000)
 ParOldGen       total 704512K, used 704379K [0x0000000080000000, 0x00000000ab000000, 0x00000000d5580000)
  object space 704512K, 99% used [0x0000000080000000,0x00000000aafdefa0,0x00000000ab000000)
 Metaspace       used 82092K, committed 83840K, reserved 1179648K
  class space    used 9151K, committed 9920K, reserved 1048576K
}
Event: 1247.394 GC heap before
{Heap before GC invocations=603 (full 3):
 PSYoungGen      total 1536K, used 1120K [0x00000000d5580000, 0x00000000d6080000, 0x0000000100000000)
  eden space 512K, 100% used [0x00000000d5580000,0x00000000d5600000,0x00000000d5600000)
  from space 1024K, 59% used [0x00000000d5600000,0x00000000d5698000,0x00000000d5700000)
  to   space 4608K, 0% used [0x00000000d5c00000,0x00000000d5c00000,0x00000000d6080000)
 ParOldGen       total 704512K, used 704379K [0x0000000080000000, 0x00000000ab000000, 0x00000000d5580000)
  object space 704512K, 99% used [0x0000000080000000,0x00000000aafdefa0,0x00000000ab000000)
 Metaspace       used 82092K, committed 83840K, reserved 1179648K
  class space    used 9151K, committed 9920K, reserved 1048576K
}
Event: 1247.398 GC heap after
{Heap after GC invocations=603 (full 3):
 PSYoungGen      total 2048K, used 640K [0x00000000d5580000, 0x00000000d5d00000, 0x0000000100000000)
  eden space 1024K, 0% used [0x00000000d5580000,0x00000000d5580000,0x00000000d5680000)
  from space 1024K, 62% used [0x00000000d5c00000,0x00000000d5ca0000,0x00000000d5d00000)
  to   space 1536K, 0% used [0x00000000d5a00000,0x00000000d5a00000,0x00000000d5b80000)
 ParOldGen       total 705024K, used 704891K [0x0000000080000000, 0x00000000ab080000, 0x00000000d5580000)
  object space 705024K, 99% used [0x0000000080000000,0x00000000ab05efa0,0x00000000ab080000)
 Metaspace       used 82092K, committed 83840K, reserved 1179648K
  class space    used 9151K, committed 9920K, reserved 1048576K
}
Event: 1247.404 GC heap before
{Heap before GC invocations=604 (full 3):
 PSYoungGen      total 2048K, used 1557K [0x00000000d5580000, 0x00000000d5d00000, 0x0000000100000000)
  eden space 1024K, 89% used [0x00000000d5580000,0x00000000d56655a0,0x00000000d5680000)
  from space 1024K, 62% used [0x00000000d5c00000,0x00000000d5ca0000,0x00000000d5d00000)
  to   space 1536K, 0% used [0x00000000d5a00000,0x00000000d5a00000,0x00000000d5b80000)
 ParOldGen       total 705024K, used 704891K [0x0000000080000000, 0x00000000ab080000, 0x00000000d5580000)
  object space 705024K, 99% used [0x0000000080000000,0x00000000ab05efa0,0x00000000ab080000)
 Metaspace       used 82092K, committed 83840K, reserved 1179648K
  class space    used 9151K, committed 9920K, reserved 1048576K
}

